<?xml version="1.0" encoding="UTF-8"?>
<!-- Generated by org.testng.reporters.JUnitReportReporter -->
<testsuite hostname="saurav_041" failures="0" tests="3" name="com.zerobank.runners.LoginFeatureRunner" time="48.551" errors="0" timestamp="2025-03-13T13:34:44 IST" skipped="0">
  <testcase classname="com.zerobank.runners.LoginFeatureRunner" name="runScenario" time="12.189"/>
  <testcase classname="com.zerobank.runners.LoginFeatureRunner" name="runScenario" time="21.849"/>
  <testcase classname="com.zerobank.runners.LoginFeatureRunner" name="runScenario" time="14.513"/>
</testsuite> <!-- com.zerobank.runners.LoginFeatureRunner -->
