<?xml version="1.0" encoding="UTF-8"?>
<!-- Generated by org.testng.reporters.JUnitReportReporter -->
<testsuite hostname="saurav_041" failures="0" tests="2" name="com.zerobank.runners.AccountSummaryRunner" time="38.294" errors="0" timestamp="2025-03-13T17:00:57 IST" skipped="0">
  <testcase classname="com.zerobank.runners.AccountSummaryRunner" name="runScenario" time="16.850"/>
  <testcase classname="com.zerobank.runners.AccountSummaryRunner" name="runScenario" time="21.444"/>
</testsuite> <!-- com.zerobank.runners.AccountSummaryRunner -->
